<?xml version="1.0" encoding="UTF-8"?>
<!-- Generated by org.testng.reporters.JUnitReportReporter -->
<testsuite hostname="DESKTOP-321BFBV" failures="0" tests="4" name="TestNG.TestNGPriority" time="0.124" errors="0" timestamp="2024-06-08T23:41:04 IST" skipped="0">
  <testcase classname="TestNG.TestNGPriority" name="TC4" time="0.011">
    <system-out>
      <![CDATA[TC4]]>
    </system-out>
  </testcase> <!-- TC4 -->
  <testcase classname="TestNG.TestNGPriority" name="TC3" time="0.011">
    <system-out>
      <![CDATA[TC3]]>
    </system-out>
  </testcase> <!-- TC3 -->
  <testcase classname="TestNG.TestNGPriority" name="TC1" time="0.093">
    <system-out>
      <![CDATA[TC1]]>
    </system-out>
  </testcase> <!-- TC1 -->
  <testcase classname="TestNG.TestNGPriority" name="TC2" time="0.009">
    <system-out>
      <![CDATA[TC2]]>
    </system-out>
  </testcase> <!-- TC2 -->
  <system-out>
    <![CDATA[TC1
TC2
TC3
TC4]]>
  </system-out>
</testsuite> <!-- TestNG.TestNGPriority -->
