<?xml version="1.0" encoding="UTF-8"?>
<!-- Generated by org.testng.reporters.JUnitReportReporter -->
<testsuite hostname="DESKTOP-321BFBV" failures="0" tests="5" name="TestNG.TestCase1" time="0.137" errors="0" timestamp="2024-06-08T23:14:43 IST" skipped="0">
  <testcase classname="TestNG.TestCase1" name="testmethod1" time="0.088">
    <system-out>
      <![CDATA[testmethod1 is running]]>
    </system-out>
  </testcase> <!-- testmethod1 -->
  <testcase classname="TestNG.TestCase1" name="testmethod2" time="0.011">
    <system-out>
      <![CDATA[testmethod2 is running]]>
    </system-out>
  </testcase> <!-- testmethod2 -->
  <testcase classname="TestNG.TestCase1" name="testmethod3" time="0.011">
    <system-out>
      <![CDATA[testmethod3 is running]]>
    </system-out>
  </testcase> <!-- testmethod3 -->
  <testcase classname="TestNG.TestCase1" name="testmethod4" time="0.020">
    <system-out>
      <![CDATA[testmethod4 is running]]>
    </system-out>
  </testcase> <!-- testmethod4 -->
  <testcase classname="TestNG.TestCase1" name="testmethod5" time="0.007">
    <system-out>
      <![CDATA[testmethod5 is running]]>
    </system-out>
  </testcase> <!-- testmethod5 -->
  <system-out>
    <![CDATA[testmethod1 is running
testmethod2 is running
testmethod3 is running
testmethod4 is running
testmethod5 is running]]>
  </system-out>
</testsuite> <!-- TestNG.TestCase1 -->
