<?xml version="1.0" encoding="UTF-8"?>
<!-- Generated by org.testng.reporters.JUnitReportReporter -->
<testsuite hostname="DESKTOP-321BFBV" failures="0" tests="3" name="TestNG.TestNGAlphabetically" time="0.100" errors="0" timestamp="2024-06-08T23:36:45 IST" skipped="0">
  <testcase classname="TestNG.TestNGAlphabetically" name="sample" time="0.015">
    <system-out>
      <![CDATA[sample method]]>
    </system-out>
  </testcase> <!-- sample -->
  <testcase classname="TestNG.TestNGAlphabetically" name="demo" time="0.070">
    <system-out>
      <![CDATA[demo method]]>
    </system-out>
  </testcase> <!-- demo -->
  <testcase classname="TestNG.TestNGAlphabetically" name="test" time="0.015">
    <system-out>
      <![CDATA[test method]]>
    </system-out>
  </testcase> <!-- test -->
  <system-out>
    <![CDATA[demo method
sample method
test method]]>
  </system-out>
</testsuite> <!-- TestNG.TestNGAlphabetically -->
