<?xml version="1.0" encoding="UTF-8"?>
<!-- Generated by org.testng.reporters.JUnitReportReporter -->
<testsuite hostname="DESKTOP-321BFBV" failures="0" tests="1" name="TestNG.TestNG2Annotation" time="0.050" errors="0" timestamp="2024-06-08T23:24:02 IST" skipped="0">
  <testcase classname="TestNG.TestNG2Annotation" name="Login" time="0.050">
    <system-out>
      <![CDATA[Login done succesfully]]>
    </system-out>
  </testcase> <!-- Login -->
  <system-out>
    <![CDATA[Logout succesfully
Test case run succesfully
Login done succesfully
Brower close succesfully
Brower open succesfully]]>
  </system-out>
</testsuite> <!-- TestNG.TestNG2Annotation -->
