<?xml version="1.0" encoding="UTF-8"?>
<!-- Generated by org.testng.reporters.JUnitReportReporter -->
<testsuite hostname="DESKTOP-321BFBV" failures="0" tests="7" name="TestNG.TestNGInvocationCount" time="0.238" errors="0" timestamp="2024-06-08T23:31:15 IST" skipped="0">
  <testcase classname="TestNG.TestNGInvocationCount" name="TC1" time="0.109">
    <system-out>
      <![CDATA[TC1 Pass]]>
    </system-out>
  </testcase> <!-- TC1 -->
  <testcase classname="TestNG.TestNGInvocationCount" name="TC1" time="0.020">
    <system-out>
      <![CDATA[TC1 Pass]]>
    </system-out>
  </testcase> <!-- TC1 -->
  <testcase classname="TestNG.TestNGInvocationCount" name="TC1" time="0.017">
    <system-out>
      <![CDATA[TC1 Pass]]>
    </system-out>
  </testcase> <!-- TC1 -->
  <testcase classname="TestNG.TestNGInvocationCount" name="TC4" time="0.020">
    <system-out>
      <![CDATA[TC4 Pass]]>
    </system-out>
  </testcase> <!-- TC4 -->
  <testcase classname="TestNG.TestNGInvocationCount" name="TC2" time="0.022">
    <system-out>
      <![CDATA[TC2 Pass]]>
    </system-out>
  </testcase> <!-- TC2 -->
  <testcase classname="TestNG.TestNGInvocationCount" name="TC1" time="0.023">
    <system-out>
      <![CDATA[TC1 Pass]]>
    </system-out>
  </testcase> <!-- TC1 -->
  <testcase classname="TestNG.TestNGInvocationCount" name="TC3" time="0.027">
    <system-out>
      <![CDATA[TC3 Pass]]>
    </system-out>
  </testcase> <!-- TC3 -->
  <system-out>
    <![CDATA[TC1 Pass
TC1 Pass
TC1 Pass
TC1 Pass
TC2 Pass
TC3 Pass
TC4 Pass]]>
  </system-out>
</testsuite> <!-- TestNG.TestNGInvocationCount -->
