<?xml version="1.0" encoding="UTF-8"?>
<!-- Generated by org.testng.reporters.JUnitReportReporter -->
<testsuite hostname="DESKTOP-321BFBV" failures="0" tests="1" name="insuranceCalculation_Motorcycle.EndToEndTestCase_motorcycle" time="12.241" errors="0" timestamp="2023-08-05T19:36:41 IST" skipped="0">
  <testcase classname="insuranceCalculation_Motorcycle.EndToEndTestCase_motorcycle" name="insuranceCalculate_VolvoMotor" time="12.241"/>
</testsuite> <!-- insuranceCalculation_Motorcycle.EndToEndTestCase_motorcycle -->
